<?xml version="1.0" encoding="UTF-8"?>
<testng-results skipped="0" failed="0" total="3" passed="3">
  <reporter-output>
  </reporter-output>
  <suite name="Suite" duration-ms="33098" started-at="2019-01-25T20:25:53Z" finished-at="2019-01-25T20:26:26Z">
    <groups>
    </groups>
    <test name="Test" duration-ms="33098" started-at="2019-01-25T20:25:53Z" finished-at="2019-01-25T20:26:26Z">
      <class name="testCases.ValidateLoginTest">
        <test-method status="PASS" signature="multipleLogin(java.lang.String, java.lang.String)[pri:0, instance:testCases.ValidateLoginTest@20deea7f]" name="multipleLogin" duration-ms="11918" started-at="2019-01-26T01:55:54Z" data-provider="testData" finished-at="2019-01-26T01:56:06Z">
          <params>
            <param index="0">
              <value>
                <![CDATA[Username]]>
              </value>
            </param>
            <param index="1">
              <value>
                <![CDATA[Password]]>
              </value>
            </param>
          </params>
          <reporter-output>
          </reporter-output>
        </test-method> <!-- multipleLogin -->
        <test-method status="PASS" signature="multipleLogin(java.lang.String, java.lang.String)[pri:0, instance:testCases.ValidateLoginTest@20deea7f]" name="multipleLogin" duration-ms="10599" started-at="2019-01-26T01:56:06Z" data-provider="testData" finished-at="2019-01-26T01:56:16Z">
          <params>
            <param index="0">
              <value>
                <![CDATA[abc@gmail.com]]>
              </value>
            </param>
            <param index="1">
              <value>
                <![CDATA[password1]]>
              </value>
            </param>
          </params>
          <reporter-output>
          </reporter-output>
        </test-method> <!-- multipleLogin -->
        <test-method status="PASS" signature="multipleLogin(java.lang.String, java.lang.String)[pri:0, instance:testCases.ValidateLoginTest@20deea7f]" name="multipleLogin" duration-ms="9981" started-at="2019-01-26T01:56:16Z" data-provider="testData" finished-at="2019-01-26T01:56:26Z">
          <params>
            <param index="0">
              <value>
                <![CDATA[bcd@gmail.com]]>
              </value>
            </param>
            <param index="1">
              <value>
                <![CDATA[password2]]>
              </value>
            </param>
          </params>
          <reporter-output>
          </reporter-output>
        </test-method> <!-- multipleLogin -->
      </class> <!-- testCases.ValidateLoginTest -->
    </test> <!-- Test -->
  </suite> <!-- Suite -->
</testng-results>
