<?xml version="1.0" encoding="UTF-8"?>
<!-- Generated by org.testng.reporters.JUnitXMLReporter -->
<testsuite hostname="A4ML24373" name="Test" tests="3" failures="0" timestamp="25 Jan 2019 20:26:26 GMT" time="33.098" errors="0">
  <testcase name="multipleLogin" time="11.918" classname="testCases.ValidateLoginTest"/>
  <testcase name="multipleLogin" time="10.599" classname="testCases.ValidateLoginTest"/>
  <testcase name="multipleLogin" time="9.981" classname="testCases.ValidateLoginTest"/>
</testsuite> <!-- Test -->
